TN:
SF:src\app\login\page.tsx
FN:11,Home
FN:19,(anonymous_3)
FN:110,(anonymous_4)
FN:132,(anonymous_5)
FN:138,(anonymous_6)
FNF:5
FNH:5
FNDA:14,Home
FNDA:2,(anonymous_3)
FNDA:2,(anonymous_4)
FNDA:2,(anonymous_5)
FNDA:2,(anonymous_6)
DA:3,1
DA:4,1
DA:5,1
DA:6,1
DA:7,1
DA:8,1
DA:9,1
DA:11,4
DA:12,14
DA:13,14
DA:14,14
DA:15,14
DA:16,14
DA:17,14
DA:19,14
DA:20,2
DA:21,2
DA:22,2
DA:24,2
DA:25,2
DA:33,2
DA:35,2
DA:36,1
DA:39,1
DA:41,1
DA:42,1
DA:44,1
DA:46,0
DA:49,1
DA:51,2
DA:110,2
DA:132,2
DA:138,2
LF:33
LH:32
BRDA:25,0,0,2
BRDA:25,0,1,2
BRDA:35,1,0,1
BRDA:35,1,1,1
BRDA:36,2,0,1
BRDA:36,2,1,0
BRDA:39,3,0,1
BRDA:39,3,1,0
BRDA:46,4,0,0
BRDA:46,4,1,0
BRDA:49,5,0,1
BRDA:49,5,1,0
BRDA:89,6,0,14
BRDA:129,7,0,1
BRDA:129,7,1,13
BRDA:134,8,0,13
BRDA:134,8,1,1
BRDA:142,9,0,1
BRDA:157,10,0,2
BRDA:157,10,1,12
BRF:20
BRH:15
end_of_record
TN:
SF:src\app\penangkaran\page.tsx
FN:46,PenangkaranPage
FN:69,(anonymous_2)
FN:72,(anonymous_3)
FN:87,(anonymous_4)
FN:91,(anonymous_5)
FN:112,(anonymous_6)
FN:115,(anonymous_7)
FN:126,(anonymous_8)
FN:135,(anonymous_9)
FN:136,(anonymous_10)
FN:138,(anonymous_11)
FN:143,(anonymous_12)
FN:151,(anonymous_13)
FN:157,(anonymous_14)
FN:158,(anonymous_15)
FN:159,(anonymous_16)
FN:160,(anonymous_17)
FN:161,(anonymous_18)
FN:162,(anonymous_19)
FN:163,(anonymous_20)
FN:164,(anonymous_21)
FN:165,(anonymous_22)
FN:166,(anonymous_23)
FN:167,(anonymous_24)
FN:168,(anonymous_25)
FN:169,(anonymous_26)
FN:170,(anonymous_27)
FN:171,(anonymous_28)
FN:172,(anonymous_29)
FN:207,(anonymous_30)
FN:215,(anonymous_31)
FN:222,(anonymous_32)
FN:229,(anonymous_33)
FN:242,(anonymous_34)
FN:284,(anonymous_35)
FN:293,(anonymous_36)
FN:302,(anonymous_37)
FN:318,(anonymous_38)
FN:324,(anonymous_39)
FN:465,(anonymous_40)
FN:501,(anonymous_41)
FN:508,(anonymous_42)
FN:532,(anonymous_43)
FN:532,(anonymous_44)
FN:542,(anonymous_45)
FN:542,(anonymous_46)
FN:551,(anonymous_47)
FN:554,(anonymous_48)
FN:558,(anonymous_49)
FN:565,(anonymous_50)
FN:577,(anonymous_51)
FN:598,(anonymous_52)
FN:620,FilterGroup
FN:625,(anonymous_54)
FNF:54
FNH:32
FNDA:23,PenangkaranPage
FNDA:7,(anonymous_2)
FNDA:7,(anonymous_3)
FNDA:7,(anonymous_4)
FNDA:0,(anonymous_5)
FNDA:15,(anonymous_6)
FNDA:2,(anonymous_7)
FNDA:8,(anonymous_8)
FNDA:0,(anonymous_9)
FNDA:0,(anonymous_10)
FNDA:0,(anonymous_11)
FNDA:1,(anonymous_12)
FNDA:33,(anonymous_13)
FNDA:6,(anonymous_14)
FNDA:1,(anonymous_15)
FNDA:1,(anonymous_16)
FNDA:1,(anonymous_17)
FNDA:6,(anonymous_18)
FNDA:1,(anonymous_19)
FNDA:1,(anonymous_20)
FNDA:1,(anonymous_21)
FNDA:1,(anonymous_22)
FNDA:1,(anonymous_23)
FNDA:1,(anonymous_24)
FNDA:6,(anonymous_25)
FNDA:1,(anonymous_26)
FNDA:6,(anonymous_27)
FNDA:1,(anonymous_28)
FNDA:1,(anonymous_29)
FNDA:2,(anonymous_30)
FNDA:0,(anonymous_31)
FNDA:1,(anonymous_32)
FNDA:0,(anonymous_33)
FNDA:0,(anonymous_34)
FNDA:1,(anonymous_35)
FNDA:4,(anonymous_36)
FNDA:0,(anonymous_37)
FNDA:368,(anonymous_38)
FNDA:0,(anonymous_39)
FNDA:13,(anonymous_40)
FNDA:0,(anonymous_41)
FNDA:0,(anonymous_42)
FNDA:0,(anonymous_43)
FNDA:0,(anonymous_44)
FNDA:0,(anonymous_45)
FNDA:0,(anonymous_46)
FNDA:0,(anonymous_47)
FNDA:0,(anonymous_48)
FNDA:0,(anonymous_49)
FNDA:1,(anonymous_50)
FNDA:0,(anonymous_51)
FNDA:0,(anonymous_52)
FNDA:0,FilterGroup
FNDA:0,(anonymous_54)
DA:3,2
DA:17,2
DA:18,2
DA:19,2
DA:20,2
DA:21,2
DA:46,7
DA:47,23
DA:48,23
DA:49,23
DA:50,23
DA:51,23
DA:52,23
DA:53,23
DA:54,23
DA:55,23
DA:56,23
DA:57,23
DA:58,23
DA:64,23
DA:65,23
DA:67,23
DA:69,23
DA:70,7
DA:72,23
DA:73,7
DA:74,7
DA:75,7
DA:78,7
DA:79,7
DA:81,0
DA:83,7
DA:87,23
DA:88,7
DA:91,23
DA:92,0
DA:93,0
DA:94,0
DA:95,0
DA:99,0
DA:100,0
DA:101,0
DA:103,0
DA:106,0
DA:108,0
DA:112,23
DA:113,15
DA:114,15
DA:115,2
DA:116,2
DA:126,8
DA:130,23
DA:131,23
DA:132,23
DA:133,23
DA:135,23
DA:136,0
DA:137,0
DA:138,0
DA:143,23
DA:144,1
DA:145,1
DA:147,0
DA:151,23
DA:152,33
DA:153,33
DA:156,23
DA:157,6
DA:158,1
DA:159,1
DA:160,1
DA:161,6
DA:162,1
DA:163,1
DA:164,1
DA:165,1
DA:166,1
DA:167,1
DA:168,6
DA:169,1
DA:170,6
DA:171,1
DA:172,1
DA:175,23
DA:181,23
DA:207,2
DA:215,0
DA:222,1
DA:229,0
DA:242,0
DA:284,1
DA:293,4
DA:303,0
DA:304,0
DA:319,368
DA:321,368
DA:324,0
DA:466,13
DA:467,13
DA:501,0
DA:508,0
DA:532,0
DA:542,0
DA:551,0
DA:554,0
DA:558,0
DA:565,1
DA:577,0
DA:598,0
DA:626,0
LF:110
LH:79
BRDA:67,0,0,23
BRDA:67,0,1,23
BRDA:70,1,0,7
BRDA:70,1,1,0
BRDA:79,2,0,7
BRDA:79,2,1,0
BRDA:92,3,0,0
BRDA:92,3,1,0
BRDA:99,4,0,0
BRDA:99,4,1,0
BRDA:114,5,0,13
BRDA:114,5,1,2
BRDA:131,6,0,10
BRDA:131,6,1,13
BRDA:137,7,0,0
BRDA:137,7,1,0
BRDA:144,8,0,1
BRDA:144,8,1,0
BRDA:152,9,0,0
BRDA:152,9,1,33
BRDA:158,10,0,1
BRDA:158,10,1,0
BRDA:159,11,0,1
BRDA:159,11,1,0
BRDA:160,12,0,1
BRDA:160,12,1,0
BRDA:161,13,0,6
BRDA:161,13,1,0
BRDA:162,14,0,1
BRDA:162,14,1,1
BRDA:163,15,0,1
BRDA:163,15,1,1
BRDA:164,16,0,1
BRDA:164,16,1,1
BRDA:165,17,0,1
BRDA:165,17,1,0
BRDA:169,18,0,1
BRDA:169,18,1,0
BRDA:170,19,0,6
BRDA:170,19,1,0
BRDA:238,20,0,23
BRDA:326,21,0,116
BRDA:326,21,1,252
BRDA:452,22,0,9
BRDA:452,22,1,14
BRDA:458,23,0,1
BRDA:458,23,1,13
BRDA:473,24,0,13
BRDA:473,24,1,0
BRDA:476,25,0,13
BRDA:476,25,1,0
BRDA:477,26,0,13
BRDA:477,26,1,0
BRDA:478,27,0,13
BRDA:478,27,1,0
BRDA:479,28,0,13
BRDA:479,28,1,0
BRDA:480,29,0,13
BRDA:480,29,1,0
BRDA:481,30,0,13
BRDA:481,30,1,13
BRDA:482,31,0,13
BRDA:482,31,1,13
BRDA:483,32,0,13
BRDA:483,32,1,13
BRDA:484,33,0,13
BRDA:484,33,1,0
BRDA:573,34,0,23
BRDA:610,35,0,0
BRDA:610,35,1,0
BRF:70
BRH:44
end_of_record
TN:
SF:src\components\penangkaran\AddDataModal.tsx
FN:23,AddDataModal
FN:45,(anonymous_5)
FN:46,(anonymous_6)
FN:50,(anonymous_7)
FN:50,(anonymous_8)
FN:51,(anonymous_9)
FN:51,(anonymous_10)
FN:52,(anonymous_11)
FN:65,(anonymous_12)
FN:125,(anonymous_13)
FN:131,(anonymous_14)
FN:148,(anonymous_15)
FN:149,(anonymous_16)
FN:150,(anonymous_17)
FN:151,(anonymous_18)
FN:157,(anonymous_19)
FN:161,(anonymous_20)
FN:162,(anonymous_21)
FN:163,(anonymous_22)
FN:171,(anonymous_23)
FN:175,(anonymous_24)
FN:177,(anonymous_25)
FN:181,(anonymous_26)
FN:182,(anonymous_27)
FN:190,(anonymous_28)
FN:207,(anonymous_29)
FN:211,(anonymous_30)
FN:212,(anonymous_31)
FN:267,Field
FN:275,(anonymous_33)
FN:290,SelectField
FN:309,(anonymous_35)
FN:315,(anonymous_36)
FN:329,DateField
FN:337,(anonymous_38)
FN:348,FilePicker
FNF:36
FNH:5
FNDA:22,AddDataModal
FNDA:0,(anonymous_5)
FNDA:0,(anonymous_6)
FNDA:0,(anonymous_7)
FNDA:0,(anonymous_8)
FNDA:0,(anonymous_9)
FNDA:0,(anonymous_10)
FNDA:0,(anonymous_11)
FNDA:0,(anonymous_12)
FNDA:3,(anonymous_13)
FNDA:0,(anonymous_14)
FNDA:0,(anonymous_15)
FNDA:0,(anonymous_16)
FNDA:0,(anonymous_17)
FNDA:0,(anonymous_18)
FNDA:0,(anonymous_19)
FNDA:0,(anonymous_20)
FNDA:0,(anonymous_21)
FNDA:0,(anonymous_22)
FNDA:0,(anonymous_23)
FNDA:0,(anonymous_24)
FNDA:0,(anonymous_25)
FNDA:0,(anonymous_26)
FNDA:0,(anonymous_27)
FNDA:0,(anonymous_28)
FNDA:0,(anonymous_29)
FNDA:0,(anonymous_30)
FNDA:0,(anonymous_31)
FNDA:6,Field
FNDA:0,(anonymous_33)
FNDA:2,SelectField
FNDA:0,(anonymous_35)
FNDA:9,(anonymous_36)
FNDA:0,DateField
FNDA:0,(anonymous_38)
FNDA:0,FilePicker
DA:3,2
DA:13,2
DA:21,2
DA:23,23
DA:24,22
DA:25,22
DA:26,22
DA:27,22
DA:45,22
DA:46,0
DA:48,22
DA:50,1
DA:51,1
DA:52,1
DA:53,0
DA:54,0
DA:55,0
DA:62,0
DA:65,1
DA:66,0
DA:67,0
DA:68,0
DA:69,0
DA:71,0
DA:87,0
DA:92,0
DA:93,0
DA:94,0
DA:95,0
DA:97,0
DA:100,0
DA:101,0
DA:103,0
DA:126,3
DA:127,3
DA:131,0
DA:148,0
DA:149,0
DA:150,0
DA:151,0
DA:157,0
DA:161,0
DA:162,0
DA:163,0
DA:171,0
DA:175,0
DA:177,0
DA:181,0
DA:182,0
DA:190,0
DA:207,0
DA:211,0
DA:212,0
DA:275,0
DA:309,0
DA:316,9
DA:337,0
LF:57
LH:17
BRDA:48,0,0,21
BRDA:48,0,1,1
BRDA:68,1,0,0
BRDA:68,1,1,0
BRDA:69,2,0,0
BRDA:69,2,1,0
BRDA:80,3,0,0
BRDA:80,3,1,0
BRDA:81,4,0,0
BRDA:81,4,1,0
BRDA:82,5,0,0
BRDA:82,5,1,0
BRDA:83,6,0,0
BRDA:83,6,1,0
BRDA:84,7,0,0
BRDA:84,7,1,0
BRDA:93,8,0,0
BRDA:93,8,1,0
BRDA:94,9,0,0
BRDA:94,9,1,0
BRDA:97,10,0,0
BRDA:97,10,1,0
BRDA:134,11,0,1
BRDA:134,11,1,2
BRDA:138,12,0,1
BRDA:138,12,1,2
BRDA:145,13,0,1
BRDA:168,14,0,1
BRDA:190,15,0,0
BRDA:190,15,1,0
BRDA:195,16,0,1
BRDA:218,17,0,0
BRDA:218,17,1,1
BRDA:234,18,0,1
BRDA:250,19,0,0
BRDA:250,19,1,0
BRDA:267,20,0,3
BRDA:277,21,0,3
BRDA:277,21,1,3
BRDA:280,22,0,6
BRDA:293,23,0,2
BRDA:311,24,0,0
BRDA:311,24,1,2
BRDA:370,25,0,0
BRDA:370,25,1,0
BRF:45
BRH:17
end_of_record
TN:
SF:src\components\penangkaran\ExportPreviewModal.tsx
FN:17,ExportPreviewModal
FN:31,(anonymous_3)
FN:33,(anonymous_4)
FN:35,(anonymous_5)
FN:54,(anonymous_6)
FN:70,(anonymous_7)
FN:71,(anonymous_8)
FN:123,(anonymous_9)
FN:131,(anonymous_10)
FN:133,(anonymous_11)
FNF:10
FNH:10
FNDA:22,ExportPreviewModal
FNDA:1,(anonymous_3)
FNDA:1,(anonymous_4)
FNDA:4,(anonymous_5)
FNDA:1,(anonymous_6)
FNDA:1,(anonymous_7)
FNDA:4,(anonymous_8)
FNDA:28,(anonymous_9)
FNDA:4,(anonymous_10)
FNDA:28,(anonymous_11)
DA:3,2
DA:4,2
DA:5,2
DA:6,2
DA:17,23
DA:25,22
DA:27,4
DA:31,4
DA:32,1
DA:33,1
DA:34,1
DA:36,4
DA:38,4
DA:43,1
DA:44,1
DA:45,1
DA:46,1
DA:47,1
DA:48,1
DA:49,1
DA:50,1
DA:51,1
DA:54,4
DA:55,1
DA:61,1
DA:62,1
DA:64,1
DA:65,1
DA:66,1
DA:67,1
DA:69,1
DA:70,1
DA:71,4
DA:74,1
DA:83,1
DA:124,28
DA:132,4
DA:134,28
LF:38
LH:38
BRDA:25,0,0,18
BRDA:25,0,1,4
BRDA:27,1,0,4
BRDA:27,1,1,0
BRDA:56,2,0,0
BRDA:56,2,1,1
BRDA:140,3,0,4
BRDA:152,4,0,4
BRDA:152,4,1,0
BRF:9
BRH:6
end_of_record
TN:
SF:src\components\penangkaran\UpdateDataModal.tsx
FN:27,UpdateDataModal
FN:43,(anonymous_5)
FN:61,(anonymous_6)
FN:62,(anonymous_7)
FN:64,(anonymous_8)
FN:118,(anonymous_9)
FN:119,(anonymous_10)
FN:120,(anonymous_11)
FN:121,(anonymous_12)
FN:144,(anonymous_13)
FN:158,(anonymous_14)
FN:223,(anonymous_15)
FN:224,(anonymous_16)
FN:306,InputField
FN:315,(anonymous_18)
FNF:15
FNH:2
FNDA:22,UpdateDataModal
FNDA:7,(anonymous_5)
FNDA:0,(anonymous_6)
FNDA:0,(anonymous_7)
FNDA:0,(anonymous_8)
FNDA:0,(anonymous_9)
FNDA:0,(anonymous_10)
FNDA:0,(anonymous_11)
FNDA:0,(anonymous_12)
FNDA:0,(anonymous_13)
FNDA:0,(anonymous_14)
FNDA:0,(anonymous_15)
FNDA:0,(anonymous_16)
FNDA:0,InputField
FNDA:0,(anonymous_18)
DA:1,2
DA:2,2
DA:27,23
DA:28,22
DA:29,22
DA:43,22
DA:44,7
DA:45,0
DA:61,22
DA:62,0
DA:64,22
DA:65,0
DA:66,0
DA:67,0
DA:68,0
DA:69,0
DA:70,0
DA:81,0
DA:82,0
DA:83,0
DA:84,0
DA:86,0
DA:89,0
DA:91,0
DA:95,22
DA:118,0
DA:119,0
DA:120,0
DA:121,0
DA:144,0
DA:158,0
DA:223,0
DA:224,0
DA:315,0
LF:34
LH:10
BRDA:44,0,0,0
BRDA:44,0,1,7
BRDA:46,1,0,0
BRDA:46,1,1,0
BRDA:47,2,0,0
BRDA:47,2,1,0
BRDA:48,3,0,0
BRDA:48,3,1,0
BRDA:49,4,0,0
BRDA:49,4,1,0
BRDA:50,5,0,0
BRDA:50,5,1,0
BRDA:51,6,0,0
BRDA:51,6,1,0
BRDA:52,7,0,0
BRDA:52,7,1,0
BRDA:53,8,0,0
BRDA:53,8,1,0
BRDA:54,9,0,0
BRDA:54,9,1,0
BRDA:55,10,0,0
BRDA:55,10,1,0
BRDA:56,11,0,0
BRDA:56,11,1,0
BRDA:65,12,0,0
BRDA:65,12,1,0
BRDA:68,13,0,0
BRDA:68,13,1,0
BRDA:69,14,0,0
BRDA:69,14,1,0
BRDA:75,15,0,0
BRDA:75,15,1,0
BRDA:76,16,0,0
BRDA:76,16,1,0
BRDA:77,17,0,0
BRDA:77,17,1,0
BRDA:78,18,0,0
BRDA:78,18,1,0
BRDA:82,19,0,0
BRDA:82,19,1,0
BRDA:83,20,0,0
BRDA:83,20,1,0
BRDA:86,21,0,0
BRDA:86,21,1,0
BRDA:95,22,0,22
BRDA:95,22,1,0
BRDA:297,23,0,0
BRDA:297,23,1,0
BRF:48
BRH:2
end_of_record
TN:
SF:src\components\ui\UploadDocModal.tsx
FN:11,UploadDocModal
FN:17,(anonymous_5)
FN:22,(anonymous_6)
FN:66,(anonymous_7)
FNF:4
FNH:1
FNDA:22,UploadDocModal
FNDA:0,(anonymous_5)
FNDA:0,(anonymous_6)
FNDA:0,(anonymous_7)
DA:3,2
DA:4,2
DA:11,23
DA:12,22
DA:13,22
DA:15,22
DA:17,0
DA:18,0
DA:19,0
DA:22,0
DA:23,0
DA:24,0
DA:66,0
LF:13
LH:6
BRDA:15,0,0,22
BRDA:15,0,1,0
BRDA:18,1,0,0
BRDA:18,1,1,0
BRDA:74,2,0,0
BRDA:74,2,1,0
BRF:6
BRH:1
end_of_record
